GitHub/Android-Cookbook-Examples/CustomMenu/build/outputs/logs/manifest-merger-debug-report.txt
-- Merging decision tree log ---
manifest
ADDED from Android-Cookbook-Examples/CustomMenu/AndroidManifest.xml:2:1-18:12
	package
		ADDED from Android-Cookbook-Examples/CustomMenu/AndroidManifest.xml:3:7-37
	android:versionName
		ADDED from Android-Cookbook-Examples/CustomMenu/AndroidManifest.xml:5:7-32
		INJECTED from Android-Cookbook-Examples/CustomMenu/AndroidManifest.xml
		INJECTED from Android-Cookbook-Examples/CustomMenu/AndroidManifest.xml
	android:versionCode
		ADDED from Android-Cookbook-Examples/CustomMenu/AndroidManifest.xml:4:7-30
		INJECTED from Android-Cookbook-Examples/CustomMenu/AndroidManifest.xml
		INJECTED from Android-Cookbook-Examples/CustomMenu/AndroidManifest.xml
	xmlns:android
		ADDED from Android-Cookbook-Examples/CustomMenu/AndroidManifest.xml:2:11-69
uses-sdk
ADDED from Android-Cookbook-Examples/CustomMenu/AndroidManifest.xml:6:5-43
MERGED from [com.android.support:appcompat-v7:26.0.0-alpha1] AndroidManifest.xml:21:5-23:78
MERGED from [com.android.support:support-v4:26.0.0-alpha1] AndroidManifest.xml:21:5-23:54
MERGED from [com.android.support:support-media-compat:26.0.0-alpha1] AndroidManifest.xml:21:5-23:63
MERGED from [com.android.support:support-fragment:26.0.0-alpha1] AndroidManifest.xml:21:5-23:60
MERGED from [com.android.support:support-core-ui:26.0.0-alpha1] AndroidManifest.xml:21:5-23:58
MERGED from [com.android.support:support-core-utils:26.0.0-alpha1] AndroidManifest.xml:21:5-23:61
MERGED from [com.android.support:animated-vector-drawable:26.0.0-alpha1] AndroidManifest.xml:20:5-44
MERGED from [com.android.support:support-vector-drawable:26.0.0-alpha1] AndroidManifest.xml:20:5-44
MERGED from [com.android.support:support-compat:26.0.0-alpha1] AndroidManifest.xml:21:5-23:58
	tools:overrideLibrary
		ADDED from [com.android.support:appcompat-v7:26.0.0-alpha1] AndroidManifest.xml:23:9-75
	android:targetSdkVersion
		INJECTED from Android-Cookbook-Examples/CustomMenu/AndroidManifest.xml
		INJECTED from Android-Cookbook-Examples/CustomMenu/AndroidManifest.xml
	android:minSdkVersion
		ADDED from Android-Cookbook-Examples/CustomMenu/AndroidManifest.xml:6:15-40
		INJECTED from Android-Cookbook-Examples/CustomMenu/AndroidManifest.xml
		INJECTED from Android-Cookbook-Examples/CustomMenu/AndroidManifest.xml
application
ADDED from Android-Cookbook-Examples/CustomMenu/AndroidManifest.xml:8:5-17:19
MERGED from [com.android.support:appcompat-v7:26.0.0-alpha1] AndroidManifest.xml:29:5-20
MERGED from [com.android.support:support-v4:26.0.0-alpha1] AndroidManifest.xml:29:5-20
MERGED from [com.android.support:support-media-compat:26.0.0-alpha1] AndroidManifest.xml:29:5-20
MERGED from [com.android.support:support-fragment:26.0.0-alpha1] AndroidManifest.xml:29:5-20
MERGED from [com.android.support:support-core-ui:26.0.0-alpha1] AndroidManifest.xml:29:5-20
MERGED from [com.android.support:support-core-utils:26.0.0-alpha1] AndroidManifest.xml:29:5-20
MERGED from [com.android.support:animated-vector-drawable:26.0.0-alpha1] AndroidManifest.xml:26:5-20
MERGED from [com.android.support:support-vector-drawable:26.0.0-alpha1] AndroidManifest.xml:26:5-20
MERGED from [com.android.support:support-compat:26.0.0-alpha1] AndroidManifest.xml:29:5-20
	android:label
		ADDED from Android-Cookbook-Examples/CustomMenu/AndroidManifest.xml:8:48-80
	android:icon
		ADDED from Android-Cookbook-Examples/CustomMenu/AndroidManifest.xml:8:18-47
activity#com.oreilly.recipe12.CustomMenu
ADDED from Android-Cookbook-Examples/CustomMenu/AndroidManifest.xml:9:9-15:20
	android:label
		ADDED from Android-Cookbook-Examples/CustomMenu/AndroidManifest.xml:10:19-51
	android:name
		ADDED from Android-Cookbook-Examples/CustomMenu/AndroidManifest.xml:9:19-45
intent-filter#android.intent.action.MAIN+android.intent.category.LAUNCHER
ADDED from Android-Cookbook-Examples/CustomMenu/AndroidManifest.xml:11:13-14:29
action#android.intent.action.MAIN
ADDED from Android-Cookbook-Examples/CustomMenu/AndroidManifest.xml:12:17-69
	android:name
		ADDED from Android-Cookbook-Examples/CustomMenu/AndroidManifest.xml:12:25-66
category#android.intent.category.LAUNCHER
ADDED from Android-Cookbook-Examples/CustomMenu/AndroidManifest.xml:13:17-77
	android:name
		ADDED from Android-Cookbook-Examples/CustomMenu/AndroidManifest.xml:13:27-74
meta-data#android.support.VERSION
ADDED from [com.android.support:appcompat-v7:26.0.0-alpha1] AndroidManifest.xml:25:5-27:41
MERGED from [com.android.support:support-v4:26.0.0-alpha1] AndroidManifest.xml:25:5-27:41
MERGED from [com.android.support:support-media-compat:26.0.0-alpha1] AndroidManifest.xml:25:5-27:41
MERGED from [com.android.support:support-fragment:26.0.0-alpha1] AndroidManifest.xml:25:5-27:41
MERGED from [com.android.support:support-core-ui:26.0.0-alpha1] AndroidManifest.xml:25:5-27:41
MERGED from [com.android.support:support-core-utils:26.0.0-alpha1] AndroidManifest.xml:25:5-27:41
MERGED from [com.android.support:animated-vector-drawable:26.0.0-alpha1] AndroidManifest.xml:22:5-24:41
MERGED from [com.android.support:support-vector-drawable:26.0.0-alpha1] AndroidManifest.xml:22:5-24:41
MERGED from [com.android.support:support-compat:26.0.0-alpha1] AndroidManifest.xml:25:5-27:41
	android:value
		ADDED from [com.android.support:appcompat-v7:26.0.0-alpha1] AndroidManifest.xml:27:9-38
	android:name
		ADDED from [com.android.support:appcompat-v7:26.0.0-alpha1] AndroidManifest.xml:26:9-47